# JRE version: OpenJDK Runtime Environment Temurin-17.0.9+9 (17.0.9+9) (build 17.0.9+9)
# Java VM: OpenJDK 64-Bit Server VM Temurin-17.0.9+9 (17.0.9+9, mixed mode, emulated-client, tiered, compressed oops, compressed class ptrs, g1 gc, windows-amd64)
GC Precious Log:
 CPUs: 4 total, 4 available
 Memory: 3976M
 Large Page Support: Disabled
 NUMA Support: Disabled
 Compressed Oops: Enabled (32-bit)
 Heap Region Size: 1M
 Heap Min Capacity: 8M
 Heap Initial Capacity: 64M
 Heap Max Capacity: 1G
 Pre-touch: Disabled
 Parallel Workers: 4
 Concurrent Workers: 1
 Concurrent Refinement Workers: 4
 Periodic GC: Disabled
Heap:
 garbage-first heap   total 178176K, used 53237K [0x00000000c0000000, 0x0000000100000000)
  region size 1024K, 1 young (1024K), 0 survivors (0K)
 Metaspace       used 64853K, committed 65472K, reserved 1114112K
  class space    used 7896K, committed 8192K, reserved 1048576K
GC Heap History (20 events):
Event: 53827.767 GC heap before
{Heap before GC invocations=4173 (full 2884):
 garbage-first heap   total 178176K, used 53237K [0x00000000c0000000, 0x0000000100000000)
  region size 1024K, 1 young (1024K), 0 survivors (0K)
 Metaspace       used 64843K, committed 65472K, reserved 1114112K
  class space    used 7895K, committed 8192K, reserved 1048576K
}
Event: 53828.105 GC heap after
{Heap after GC invocations=4174 (full 2885):
 garbage-first heap   total 178176K, used 53237K [0x00000000c0000000, 0x0000000100000000)
  region size 1024K, 0 young (0K), 0 survivors (0K)
 Metaspace       used 64843K, committed 65472K, reserved 1114112K
  class space    used 7895K, committed 8192K, reserved 1048576K
}
Event: 53838.369 GC heap before
{Heap before GC invocations=4174 (full 2885):
 garbage-first heap   total 178176K, used 53237K [0x00000000c0000000, 0x0000000100000000)
  region size 1024K, 1 young (1024K), 0 survivors (0K)
 Metaspace       used 64843K, committed 65472K, reserved 1114112K
  class space    used 7895K, committed 8192K, reserved 1048576K
}
Event: 53838.423 GC heap after
{Heap after GC invocations=4175 (full 2886):
 garbage-first heap   total 178176K, used 53237K [0x00000000c0000000, 0x0000000100000000)
  region size 1024K, 0 young (0K), 0 survivors (0K)
 Metaspace       used 64843K, committed 65472K, reserved 1114112K
  class space    used 7895K, committed 8192K, reserved 1048576K
}
Event: 53848.839 GC heap before
{Heap before GC invocations=4175 (full 2886):
 garbage-first heap   total 178176K, used 53237K [0x00000000c0000000, 0x0000000100000000)
  region size 1024K, 1 young (1024K), 0 survivors (0K)
 Metaspace       used 64843K, committed 65472K, reserved 1114112K
  class space    used 7895K, committed 8192K, reserved 1048576K
}
Event: 53848.904 GC heap after
{Heap after GC invocations=4176 (full 2887):
 garbage-first heap   total 178176K, used 53237K [0x00000000c0000000, 0x0000000100000000)
  region size 1024K, 0 young (0K), 0 survivors (0K)
 Metaspace       used 64843K, committed 65472K, reserved 1114112K
  class space    used 7895K, committed 8192K, reserved 1048576K
}
Event: 53860.568 GC heap before
{Heap before GC invocations=4176 (full 2887):
 garbage-first heap   total 178176K, used 53237K [0x00000000c0000000, 0x0000000100000000)
  region size 1024K, 1 young (1024K), 0 survivors (0K)
 Metaspace       used 64843K, committed 65472K, reserved 1114112K
  class space    used 7895K, committed 8192K, reserved 1048576K
}
Event: 53862.368 GC heap after
{Heap after GC invocations=4177 (full 2888):
 garbage-first heap   total 178176K, used 53237K [0x00000000c0000000, 0x0000000100000000)
  region size 1024K, 0 young (0K), 0 survivors (0K)
 Metaspace       used 64843K, committed 65472K, reserved 1114112K
  class space    used 7895K, committed 8192K, reserved 1048576K
}
Event: 53872.903 GC heap before
{Heap before GC invocations=4177 (full 2888):
 garbage-first heap   total 178176K, used 53237K [0x00000000c0000000, 0x0000000100000000)
  region size 1024K, 1 young (1024K), 0 survivors (0K)
 Metaspace       used 64843K, committed 65472K, reserved 1114112K
  class space    used 7895K, committed 8192K, reserved 1048576K
}
Event: 53873.661 GC heap after
{Heap after GC invocations=4178 (full 2889):
 garbage-first heap   total 178176K, used 53237K [0x00000000c0000000, 0x0000000100000000)
  region size 1024K, 0 young (0K), 0 survivors (0K)
 Metaspace       used 64843K, committed 65472K, reserved 1114112K
  class space    used 7895K, committed 8192K, reserved 1048576K
}
Event: 53883.823 GC heap before
{Heap before GC invocations=4178 (full 2889):
 garbage-first heap   total 178176K, used 53237K [0x00000000c0000000, 0x0000000100000000)
  region size 1024K, 1 young (1024K), 0 survivors (0K)
 Metaspace       used 64843K, committed 65472K, reserved 1114112K
  class space    used 7895K, committed 8192K, reserved 1048576K
}
Event: 53883.892 GC heap after
{Heap after GC invocations=4179 (full 2890):
 garbage-first heap   total 178176K, used 53237K [0x00000000c0000000, 0x0000000100000000)
  region size 1024K, 0 young (0K), 0 survivors (0K)
 Metaspace       used 64843K, committed 65472K, reserved 1114112K
  class space    used 7895K, committed 8192K, reserved 1048576K
}
Event: 53894.030 GC heap before
{Heap before GC invocations=4179 (full 2890):
 garbage-first heap   total 178176K, used 53237K [0x00000000c0000000, 0x0000000100000000)
  region size 1024K, 1 young (1024K), 0 survivors (0K)
 Metaspace       used 64843K, committed 65472K, reserved 1114112K
  class space    used 7895K, committed 8192K, reserved 1048576K
}
Event: 53894.086 GC heap after
{Heap after GC invocations=4180 (full 2891):
 garbage-first heap   total 178176K, used 53237K [0x00000000c0000000, 0x0000000100000000)
  region size 1024K, 0 young (0K), 0 survivors (0K)
 Metaspace       used 64843K, committed 65472K, reserved 1114112K
  class space    used 7895K, committed 8192K, reserved 1048576K
}
Event: 53904.301 GC heap before
{Heap before GC invocations=4180 (full 2891):
 garbage-first heap   total 178176K, used 53237K [0x00000000c0000000, 0x0000000100000000)
  region size 1024K, 1 young (1024K), 0 survivors (0K)
 Metaspace       used 64843K, committed 65472K, reserved 1114112K
  class space    used 7895K, committed 8192K, reserved 1048576K
}
Event: 53904.363 GC heap after
{Heap after GC invocations=4181 (full 2892):
 garbage-first heap   total 178176K, used 53237K [0x00000000c0000000, 0x0000000100000000)
  region size 1024K, 0 young (0K), 0 survivors (0K)
 Metaspace       used 64843K, committed 65472K, reserved 1114112K
  class space    used 7895K, committed 8192K, reserved 1048576K
}
Event: 53916.239 GC heap before
{Heap before GC invocations=4181 (full 2892):
 garbage-first heap   total 178176K, used 53237K [0x00000000c0000000, 0x0000000100000000)
  region size 1024K, 1 young (1024K), 0 survivors (0K)
 Metaspace       used 64843K, committed 65472K, reserved 1114112K
  class space    used 7895K, committed 8192K, reserved 1048576K
}
Event: 53916.304 GC heap after
{Heap after GC invocations=4182 (full 2893):
 garbage-first heap   total 178176K, used 53237K [0x00000000c0000000, 0x0000000100000000)
  region size 1024K, 0 young (0K), 0 survivors (0K)
 Metaspace       used 64843K, committed 65472K, reserved 1114112K
  class space    used 7895K, committed 8192K, reserved 1048576K
}
Event: 53926.608 GC heap before
{Heap before GC invocations=4182 (full 2893):
 garbage-first heap   total 178176K, used 53237K [0x00000000c0000000, 0x0000000100000000)
  region size 1024K, 1 young (1024K), 0 survivors (0K)
 Metaspace       used 64843K, committed 65472K, reserved 1114112K
  class space    used 7895K, committed 8192K, reserved 1048576K
}
Event: 53926.758 GC heap after
{Heap after GC invocations=4183 (full 2894):
 garbage-first heap   total 178176K, used 53237K [0x00000000c0000000, 0x0000000100000000)
  region size 1024K, 0 young (0K), 0 survivors (0K)
 Metaspace       used 64843K, committed 65472K, reserved 1114112K
  class space    used 7895K, committed 8192K, reserved 1048576K
}

