# JRE version: Java(TM) SE Runtime Environment (17.0.10+11) (build 17.0.10+11-LTS-240)
# Java VM: Java HotSpot(TM) 64-Bit Server VM (17.0.10+11-LTS-240, mixed mode, sharing, tiered, compressed oops, compressed class ptrs, g1 gc, windows-amd64)
GC Precious Log:
 CPUs: 4 total, 4 available
 Memory: 3976M
 Large Page Support: Disabled
 NUMA Support: Disabled
 Compressed Oops: Enabled (32-bit)
 Heap Region Size: 1M
 Heap Min Capacity: 8M
 Heap Initial Capacity: 64M
 Heap Max Capacity: 996M
 Pre-touch: Disabled
 Parallel Workers: 4
 Concurrent Workers: 1
 Concurrent Refinement Workers: 4
 Periodic GC: Disabled
Heap:
 garbage-first heap   total 65536K, used 41147K [0x00000000c1c00000, 0x0000000100000000)
  region size 1024K, 6 young (6144K), 2 survivors (2048K)
 Metaspace       used 24871K, committed 25152K, reserved 1114112K
  class space    used 2868K, committed 3008K, reserved 1048576K
GC Heap History (18 events):
Event: 4.661 GC heap before
{Heap before GC invocations=0 (full 0):
 garbage-first heap   total 65536K, used 13312K [0x00000000c1c00000, 0x0000000100000000)
  region size 1024K, 13 young (13312K), 0 survivors (0K)
 Metaspace       used 3764K, committed 3968K, reserved 1114112K
  class space    used 407K, committed 512K, reserved 1048576K
}
Event: 4.668 GC heap after
{Heap after GC invocations=1 (full 0):
 garbage-first heap   total 65536K, used 3264K [0x00000000c1c00000, 0x0000000100000000)
  region size 1024K, 2 young (2048K), 2 survivors (2048K)
 Metaspace       used 3764K, committed 3968K, reserved 1114112K
  class space    used 407K, committed 512K, reserved 1048576K
}
Event: 5.124 GC heap before
{Heap before GC invocations=1 (full 0):
 garbage-first heap   total 65536K, used 15552K [0x00000000c1c00000, 0x0000000100000000)
  region size 1024K, 14 young (14336K), 2 survivors (2048K)
 Metaspace       used 5632K, committed 5824K, reserved 1114112K
  class space    used 682K, committed 768K, reserved 1048576K
}
Event: 5.128 GC heap after
{Heap after GC invocations=2 (full 0):
 garbage-first heap   total 65536K, used 3907K [0x00000000c1c00000, 0x0000000100000000)
  region size 1024K, 1 young (1024K), 1 survivors (1024K)
 Metaspace       used 5632K, committed 5824K, reserved 1114112K
  class space    used 682K, committed 768K, reserved 1048576K
}
Event: 5.884 GC heap before
{Heap before GC invocations=2 (full 0):
 garbage-first heap   total 65536K, used 28483K [0x00000000c1c00000, 0x0000000100000000)
  region size 1024K, 26 young (26624K), 1 survivors (1024K)
 Metaspace       used 9589K, committed 9792K, reserved 1114112K
  class space    used 1162K, committed 1280K, reserved 1048576K
}
Event: 5.888 GC heap after
{Heap after GC invocations=3 (full 0):
 garbage-first heap   total 65536K, used 5225K [0x00000000c1c00000, 0x0000000100000000)
  region size 1024K, 2 young (2048K), 2 survivors (2048K)
 Metaspace       used 9589K, committed 9792K, reserved 1114112K
  class space    used 1162K, committed 1280K, reserved 1048576K
}
Event: 7.581 GC heap before
{Heap before GC invocations=3 (full 0):
 garbage-first heap   total 65536K, used 42089K [0x00000000c1c00000, 0x0000000100000000)
  region size 1024K, 38 young (38912K), 2 survivors (2048K)
 Metaspace       used 14776K, committed 14976K, reserved 1114112K
  class space    used 1775K, committed 1856K, reserved 1048576K
}
Event: 7.593 GC heap after
{Heap after GC invocations=4 (full 0):
 garbage-first heap   total 65536K, used 9207K [0x00000000c1c00000, 0x0000000100000000)
  region size 1024K, 5 young (5120K), 5 survivors (5120K)
 Metaspace       used 14776K, committed 14976K, reserved 1114112K
  class space    used 1775K, committed 1856K, reserved 1048576K
}
Event: 8.239 GC heap before
{Heap before GC invocations=4 (full 0):
 garbage-first heap   total 65536K, used 42999K [0x00000000c1c00000, 0x0000000100000000)
  region size 1024K, 38 young (38912K), 5 survivors (5120K)
 Metaspace       used 15542K, committed 15744K, reserved 1114112K
  class space    used 1839K, committed 1920K, reserved 1048576K
}
Event: 8.255 GC heap after
{Heap after GC invocations=5 (full 0):
 garbage-first heap   total 65536K, used 13589K [0x00000000c1c00000, 0x0000000100000000)
  region size 1024K, 5 young (5120K), 5 survivors (5120K)
 Metaspace       used 15542K, committed 15744K, reserved 1114112K
  class space    used 1839K, committed 1920K, reserved 1048576K
}
Event: 9.227 GC heap before
{Heap before GC invocations=5 (full 0):
 garbage-first heap   total 65536K, used 45333K [0x00000000c1c00000, 0x0000000100000000)
  region size 1024K, 36 young (36864K), 5 survivors (5120K)
 Metaspace       used 15914K, committed 16064K, reserved 1114112K
  class space    used 1843K, committed 1920K, reserved 1048576K
}
Event: 9.240 GC heap after
{Heap after GC invocations=6 (full 0):
 garbage-first heap   total 65536K, used 16222K [0x00000000c1c00000, 0x0000000100000000)
  region size 1024K, 3 young (3072K), 3 survivors (3072K)
 Metaspace       used 15914K, committed 16064K, reserved 1114112K
  class space    used 1843K, committed 1920K, reserved 1048576K
}
Event: 11.345 GC heap before
{Heap before GC invocations=6 (full 0):
 garbage-first heap   total 65536K, used 46942K [0x00000000c1c00000, 0x0000000100000000)
  region size 1024K, 33 young (33792K), 3 survivors (3072K)
 Metaspace       used 16132K, committed 16320K, reserved 1114112K
  class space    used 1845K, committed 1920K, reserved 1048576K
}
Event: 11.357 GC heap after
{Heap after GC invocations=7 (full 0):
 garbage-first heap   total 65536K, used 20888K [0x00000000c1c00000, 0x0000000100000000)
  region size 1024K, 5 young (5120K), 5 survivors (5120K)
 Metaspace       used 16132K, committed 16320K, reserved 1114112K
  class space    used 1845K, committed 1920K, reserved 1048576K
}
Event: 12.928 GC heap before
{Heap before GC invocations=7 (full 0):
 garbage-first heap   total 65536K, used 47512K [0x00000000c1c00000, 0x0000000100000000)
  region size 1024K, 31 young (31744K), 5 survivors (5120K)
 Metaspace       used 16319K, committed 16576K, reserved 1114112K
  class space    used 1846K, committed 1920K, reserved 1048576K
}
Event: 12.943 GC heap after
{Heap after GC invocations=8 (full 0):
 garbage-first heap   total 65536K, used 24837K [0x00000000c1c00000, 0x0000000100000000)
  region size 1024K, 4 young (4096K), 4 survivors (4096K)
 Metaspace       used 16319K, committed 16576K, reserved 1114112K
  class space    used 1846K, committed 1920K, reserved 1048576K
}
Event: 16.340 GC heap before
{Heap before GC invocations=8 (full 0):
 garbage-first heap   total 65536K, used 47365K [0x00000000c1c00000, 0x0000000100000000)
  region size 1024K, 26 young (26624K), 4 survivors (4096K)
 Metaspace       used 17554K, committed 17728K, reserved 1114112K
  class space    used 1979K, committed 2048K, reserved 1048576K
}
Event: 16.357 GC heap after
{Heap after GC invocations=9 (full 0):
 garbage-first heap   total 65536K, used 26431K [0x00000000c1c00000, 0x0000000100000000)
  region size 1024K, 2 young (2048K), 2 survivors (2048K)
 Metaspace       used 17554K, committed 17728K, reserved 1114112K
  class space    used 1979K, committed 2048K, reserved 1048576K
}

