# JRE version: Java(TM) SE Runtime Environment (17.0.10+11) (build 17.0.10+11-LTS-240)
# Java VM: Java HotSpot(TM) 64-Bit Server VM (17.0.10+11-LTS-240, mixed mode, sharing, tiered, compressed oops, compressed class ptrs, g1 gc, windows-amd64)
GC Precious Log:
 CPUs: 4 total, 4 available
 Memory: 3976M
 Large Page Support: Disabled
 NUMA Support: Disabled
 Compressed Oops: Enabled (32-bit)
 Heap Region Size: 1M
 Heap Min Capacity: 8M
 Heap Initial Capacity: 64M
 Heap Max Capacity: 996M
 Pre-touch: Disabled
 Parallel Workers: 4
 Concurrent Workers: 1
 Concurrent Refinement Workers: 4
 Periodic GC: Disabled
Heap:
 garbage-first heap   total 65536K, used 21600K [0x00000000c1c00000, 0x0000000100000000)
  region size 1024K, 2 young (2048K), 2 survivors (2048K)
 Metaspace       used 28530K, committed 28928K, reserved 1114112K
  class space    used 3655K, committed 3840K, reserved 1048576K
GC Heap History (19 events):
Event: 0.816 GC heap before
{Heap before GC invocations=0 (full 0):
 garbage-first heap   total 65536K, used 14336K [0x00000000c1c00000, 0x0000000100000000)
  region size 1024K, 13 young (13312K), 0 survivors (0K)
 Metaspace       used 1681K, committed 1792K, reserved 1114112K
  class space    used 161K, committed 192K, reserved 1048576K
}
Event: 0.822 GC heap after
{Heap after GC invocations=1 (full 0):
 garbage-first heap   total 65536K, used 8417K [0x00000000c1c00000, 0x0000000100000000)
  region size 1024K, 2 young (2048K), 2 survivors (2048K)
 Metaspace       used 1681K, committed 1792K, reserved 1114112K
  class space    used 161K, committed 192K, reserved 1048576K
}
Event: 1.140 GC heap before
{Heap before GC invocations=1 (full 0):
 garbage-first heap   total 65536K, used 16609K [0x00000000c1c00000, 0x0000000100000000)
  region size 1024K, 10 young (10240K), 2 survivors (2048K)
 Metaspace       used 3388K, committed 3584K, reserved 1114112K
  class space    used 370K, committed 448K, reserved 1048576K
}
Event: 1.145 GC heap after
{Heap after GC invocations=2 (full 0):
 garbage-first heap   total 65536K, used 9989K [0x00000000c1c00000, 0x0000000100000000)
  region size 1024K, 2 young (2048K), 2 survivors (2048K)
 Metaspace       used 3388K, committed 3584K, reserved 1114112K
  class space    used 370K, committed 448K, reserved 1048576K
}
Event: 2.499 GC heap before
{Heap before GC invocations=2 (full 0):
 garbage-first heap   total 65536K, used 25349K [0x00000000c1c00000, 0x0000000100000000)
  region size 1024K, 18 young (18432K), 2 survivors (2048K)
 Metaspace       used 7203K, committed 7424K, reserved 1114112K
  class space    used 940K, committed 1088K, reserved 1048576K
}
Event: 2.506 GC heap after
{Heap after GC invocations=3 (full 0):
 garbage-first heap   total 65536K, used 11158K [0x00000000c1c00000, 0x0000000100000000)
  region size 1024K, 3 young (3072K), 3 survivors (3072K)
 Metaspace       used 7203K, committed 7424K, reserved 1114112K
  class space    used 940K, committed 1088K, reserved 1048576K
}
Event: 4.052 GC heap before
{Heap before GC invocations=3 (full 0):
 garbage-first heap   total 65536K, used 35734K [0x00000000c1c00000, 0x0000000100000000)
  region size 1024K, 28 young (28672K), 3 survivors (3072K)
 Metaspace       used 12924K, committed 13184K, reserved 1114112K
  class space    used 1664K, committed 1792K, reserved 1048576K
}
Event: 4.057 GC heap after
{Heap after GC invocations=4 (full 0):
 garbage-first heap   total 65536K, used 12809K [0x00000000c1c00000, 0x0000000100000000)
  region size 1024K, 3 young (3072K), 3 survivors (3072K)
 Metaspace       used 12924K, committed 13184K, reserved 1114112K
  class space    used 1664K, committed 1792K, reserved 1048576K
}
Event: 4.689 GC heap before
{Heap before GC invocations=4 (full 0):
 garbage-first heap   total 65536K, used 40457K [0x00000000c1c00000, 0x0000000100000000)
  region size 1024K, 31 young (31744K), 3 survivors (3072K)
 Metaspace       used 18912K, committed 19136K, reserved 1114112K
  class space    used 2479K, committed 2560K, reserved 1048576K
}
Event: 4.695 GC heap after
{Heap after GC invocations=5 (full 0):
 garbage-first heap   total 65536K, used 14431K [0x00000000c1c00000, 0x0000000100000000)
  region size 1024K, 4 young (4096K), 4 survivors (4096K)
 Metaspace       used 18912K, committed 19136K, reserved 1114112K
  class space    used 2479K, committed 2560K, reserved 1048576K
}
Event: 4.930 GC heap before
{Heap before GC invocations=5 (full 0):
 garbage-first heap   total 65536K, used 24671K [0x00000000c1c00000, 0x0000000100000000)
  region size 1024K, 16 young (16384K), 4 survivors (4096K)
 Metaspace       used 21210K, committed 21504K, reserved 1114112K
  class space    used 2750K, committed 2880K, reserved 1048576K
}
Event: 4.934 GC heap after
{Heap after GC invocations=6 (full 0):
 garbage-first heap   total 65536K, used 14889K [0x00000000c1c00000, 0x0000000100000000)
  region size 1024K, 3 young (3072K), 3 survivors (3072K)
 Metaspace       used 21210K, committed 21504K, reserved 1114112K
  class space    used 2750K, committed 2880K, reserved 1048576K
}
Event: 5.605 GC heap before
{Heap before GC invocations=7 (full 0):
 garbage-first heap   total 58368K, used 45609K [0x00000000c1c00000, 0x0000000100000000)
  region size 1024K, 33 young (33792K), 3 survivors (3072K)
 Metaspace       used 25240K, committed 25536K, reserved 1114112K
  class space    used 3237K, committed 3392K, reserved 1048576K
}
Event: 5.612 GC heap after
{Heap after GC invocations=8 (full 0):
 garbage-first heap   total 58368K, used 18298K [0x00000000c1c00000, 0x0000000100000000)
  region size 1024K, 5 young (5120K), 5 survivors (5120K)
 Metaspace       used 25240K, committed 25536K, reserved 1114112K
  class space    used 3237K, committed 3392K, reserved 1048576K
}
Event: 5.630 GC heap before
{Heap before GC invocations=8 (full 0):
 garbage-first heap   total 58368K, used 19322K [0x00000000c1c00000, 0x0000000100000000)
  region size 1024K, 6 young (6144K), 5 survivors (5120K)
 Metaspace       used 25346K, committed 25664K, reserved 1114112K
  class space    used 3245K, committed 3392K, reserved 1048576K
}
Event: 5.638 GC heap after
{Heap after GC invocations=9 (full 0):
 garbage-first heap   total 58368K, used 19144K [0x00000000c1c00000, 0x0000000100000000)
  region size 1024K, 1 young (1024K), 1 survivors (1024K)
 Metaspace       used 25346K, committed 25664K, reserved 1114112K
  class space    used 3245K, committed 3392K, reserved 1048576K
}
Event: 6.016 GC heap before
{Heap before GC invocations=9 (full 0):
 garbage-first heap   total 58368K, used 41672K [0x00000000c1c00000, 0x0000000100000000)
  region size 1024K, 23 young (23552K), 1 survivors (1024K)
 Metaspace       used 26275K, committed 26560K, reserved 1114112K
  class space    used 3370K, committed 3520K, reserved 1048576K
}
Event: 6.020 GC heap after
{Heap after GC invocations=10 (full 0):
 garbage-first heap   total 58368K, used 20099K [0x00000000c1c00000, 0x0000000100000000)
  region size 1024K, 2 young (2048K), 2 survivors (2048K)
 Metaspace       used 26275K, committed 26560K, reserved 1114112K
  class space    used 3370K, committed 3520K, reserved 1048576K
}
Event: 6.588 GC heap before
{Heap before GC invocations=10 (full 0):
 garbage-first heap   total 58368K, used 42627K [0x00000000c1c00000, 0x0000000100000000)
  region size 1024K, 24 young (24576K), 2 survivors (2048K)
 Metaspace       used 28530K, committed 28928K, reserved 1114112K
  class space    used 3655K, committed 3840K, reserved 1048576K
}

